<?xml version="1.0" encoding="UTF-8"?>
<!-- Generated by org.testng.reporters.JUnitReportReporter -->
<testsuite hostname="DESKTOP-SSTGA1B" failures="0" tests="1" name="OrangrHRMsPractiseTestsOptimised.DeletingSingleUserTC11" time="18.093" errors="0" timestamp="2022-10-22T22:45:16 IST" skipped="0">
  <testcase classname="OrangrHRMsPractiseTestsOptimised.DeletingSingleUserTC11" name="deletingSingleUserTC11" time="18.093"/>
</testsuite> <!-- OrangrHRMsPractiseTestsOptimised.DeletingSingleUserTC11 -->
