<?xml version="1.0" encoding="UTF-8"?>
<!-- Generated by org.testng.reporters.JUnitReportReporter -->
<testsuite hostname="DESKTOP-SSTGA1B" failures="0" tests="1" name="OrangrHRMsPractise.LoginTC1" time="21.843" errors="0" timestamp="2022-10-25T02:46:06 IST" skipped="0">
  <testcase classname="OrangrHRMsPractise.LoginTC1" name="loginTC1" time="21.843"/>
</testsuite> <!-- OrangrHRMsPractise.LoginTC1 -->
